-0.185813   0.417898   -0.391843
0.189765   -0.304998   0.281375
-0.284002   -0.146543   0.45179
-0.172181   -0.28963   -0.300369
-0.321697   0.246005   0.45698
0.180104   -0.00137297   -0.113669
-0.295972   0.281589   -0.304264
0.0135828   -0.286723   -0.474727
0.290116   -0.084838   0.380207
0.146907   -0.289734   0.120073
-0.392943   -0.439867   0.399151
0.210119   -0.0658307   -0.0649918
0.265656   -0.0869257   0.214959
-0.10519   -0.0575811   0.405861
-0.0570393   0.285069   0.019091
0.291166   -0.267974   0.217769
0.211682   0.129972   -0.429593
-0.13563   -0.0607888   -0.186194
0.442328   0.265868   0.0122415
-0.498808   0.429773   -0.144052
-0.0450769   0.229084   -0.0366253
0.183121   -0.0524508   0.343921
0.168575   -0.400331   -0.161075
0.41583   0.236939   -0.0533145
0.328203   -0.350799   0.181576
0.310495   0.0680041   -0.0425357
-0.0362498   0.0488325   -0.100076
0.315265   -0.169946   0.438138
0.210596   -0.275235   0.0180196
0.495091   -0.354705   -0.207808
-0.0151762   -0.412111   -0.337036
0.280275   0.363912   -0.434149
-0.233425   -0.373454   -0.109945
0.155058   0.373586   0.00779564
0.429353   0.0742555   -0.0538214
0.0740881   0.194702   -0.339528
0.113449   0.468757   0.284394
0.368984   -0.0415959   0.444299
-0.0733667   -0.298565   -0.231791
0.290108   -0.405611   0.118261
0.368292   0.422675   0.0201804
0.201344   0.0514561   0.268659
-0.17187   0.329984   -0.0690034
-0.196192   -0.379261   -0.381403
0.000976082   0.252733   0.479385
0.428891   -0.042144   -0.41348
-0.324743   -0.243969   -0.0976435
0.0559651   0.428092   0.0836514
0.0590895   -0.368594   -0.386391
0.432899   0.15731   -0.0976065
-0.141308   -0.409343   -0.142015
0.117611   0.491163   0.186081
0.0437164   -0.216365   0.307248
0.234005   -0.329695   0.177916
0.159911   0.414722   0.127488
0.104337   -0.48395   -0.0183676
-0.266151   0.447307   0.172971
0.496571   0.193851   -0.201443
0.104314   0.0241449   -0.368547
0.0149695   0.352427   -0.273336
0.32785   0.214679   0.266998
0.381788   -0.301856   0.30198
0.109663   -0.104652   0.296974
-0.0949499   0.443986   0.182669
-0.358946   0.288161   -0.129996
-0.385159   -0.400896   -0.119519
-0.350566   0.316682   -0.253603
-0.330404   -0.191339   -0.492379
0.139589   0.229406   0.251009
0.329665   0.201283   0.0096089
-0.427897   -0.302938   0.321554
0.172207   -0.241277   0.488534
-0.202151   0.385798   -0.481071
-0.0380656   -0.405325   0.334591
0.204733   -0.1387   -0.203451
0.460447   0.401916   -0.241378
0.0642826   -0.333042   0.0622352
-0.254815   0.105497   0.331099
-0.168311   -0.104655   0.254647
-0.198434   -0.176845   -0.497651
-0.249086   -0.478263   -0.470212
0.191539   -0.0282872   0.231829
0.437876   -0.272251   0.474272
-0.447134   -0.210601   0.279913
0.255324   0.295205   0.331248
-0.330753   -0.361482   -0.294236
-0.0093265   -0.0349276   -0.0695985
0.11536   0.231655   0.00108529
0.418547   0.157727   -0.406725
0.392627   0.0820597   -0.141169
-0.483855   -0.369416   -0.116225
0.127137   -0.354008   -0.441456
-0.316228   0.483495   -0.107099
-0.30674   0.22843   0.380377
-0.211022   0.129913   0.202782
0.39415   -0.170869   0.0666329
0.161012   -0.00952201   0.116885
0.209725   -0.154351   0.413671
-0.217284   0.421438   -0.0767941
0.042382   -0.129028   0.239485
-0.185042   0.382887   -0.316666
0.0791615   -0.163552   0.363065
0.399086   0.194924   -0.279851
0.316332   -0.236139   0.0842742
-0.230848   -0.124285   0.0897524
-0.0226864   -0.47732   -0.0227659
-0.293859   0.479706   0.361334
0.133111   -0.0881989   -0.229497
