-0.0694539   -1.4068   0.439752
0.407267   -0.428907   -0.601727
-0.160357   0.29061   -0.766363
0.574527   0.48102   0.0657136
0.0450664   1.40589   -0.216946
-0.28865   -0.771456   0.456924
1.21406   2.48065   0.185845
0.745707   0.963535   -0.974717
0.749109   -2.05736   -0.107384
-0.179268   -0.00411929   -0.168643
1.51232   -0.0580832   -0.12483
1.31887   -0.156411   -1.23664
-0.260679   -1.62821   -0.0111413
0.416276   1.72221   -1.51407
0.358653   2.61065   1.60607
0.965845   0.245066   -2.14663
1.11355   0.819345   -1.62812
0.24055   -0.567683   0.24949
-0.328117   1.71247   -1.74378
-1.04133   -0.877404   -0.422815
-0.667512   0.659988   1.08331
-0.039275   0.263483   -0.383114
0.0658837   1.65742   0.234511
-0.480905   1.51961   -0.507098
-0.912813   -0.144632   0.454991
-1.57985   -1.5179   0.392425
0.618233   -1.42866   0.346433
-1.29651   1.6775   -0.702346
0.622999   1.11632   1.37431
-0.448712   -1.14309   0.836444
-1.06752   -0.921023   -2.00453
1.57541   -0.568411   1.17806
1.26359   0.931315   0.584754
1.52457   -0.851281   -0.55792
0.730992   0.471692   0.719439
-0.0159202   -0.9707   0.352413
-0.939842   -1.8336   -0.334022
0.0252306   0.371252   0.267807
0.036995   -0.85565   0.832127
0.112782   0.329983   0.152023
-0.462521   -1.9535   0.689318
0.509344   -0.537627   -1.68109
1.82027   0.858327   0.561801
0.505443   1.02881   -0.134116
-0.606028   0.892204   -1.89096
-0.0319139   1.27266   0.636478
0.645969   -1.85765   -1.0648
0.237107   0.0563601   0.971985
-2.17767   0.30001   -0.175119
-1.98362   -0.625127   -1.28468
-1.10999   -2.29657   -0.393105
-1.13628   -0.0634962   0.952618
1.13798   1.32993   0.681168
-0.141096   0.307514   -1.42771
-1.99799   0.767565   0.661404
-1.30839   -1.09628   -0.626917
0.383572   -1.6396   -1.09087
0.432138   0.308115   -1.46514
0.318005   -0.46251   -0.00859008
-1.61099   1.04339   -0.130638
-0.93761   -0.0966439   1.15381
-2.55664   0.574943   0.0995924
0.742543   1.51184   -1.4448
0.36774   2.15849   -0.223495
-1.1455   0.590714   0.0534658
2.27357   -0.840637   -0.751184
1.29738   -0.108172   0.71564
2.55155   -0.18031   -1.00217
0.3086   -1.70647   1.03014
1.35621   -0.267767   0.148726
-0.882007   0.028269   0.660617
1.53601   -0.204376   0.244499
1.59715   -1.18564   0.804747
-0.624485   -0.0197862   2.92422
-0.659329   -0.353129   -1.92039
1.20031   -1.22197   1.13482
-2.76183   -0.382905   1.96324
-1.39391   0.438872   -0.497435
0.368624   1.40162   0.210401
-0.410198   -2.41418   -0.660125
-1.14167   0.67472   0.188467
0.918789   -0.912354   -0.431884
-0.357379   -0.452512   1.74539
1.77172   -1.41362   -0.765738
1.78958   -0.64937   -1.31775
-0.457202   1.07105   1.28868
-1.69978   0.0917136   -1.75827
0.111516   -0.33768   0.656751
1.73146   -1.01345   0.57451
-2.46579   0.635282   -1.53255
-0.0496172   0.131333   -2.53223
0.341827   -1.06543   0.650849
0.0324702   2.4628   1.39706
-0.660538   2.03068   -0.637132
0.221787   -1.98966   -0.484426
0.304189   1.84428   1.52174
-2.35756   0.0409185   0.398538
-1.20603   -0.491908   -0.320795
-0.214439   1.10225   1.46273
-1.33795   -0.541614   2.17782
-0.507073   1.01033   -0.42763
-0.36854   1.50473   1.05106
-0.793273   0.393469   0.934418
-0.202271   -1.24694   -0.287328
0.69381   -0.20726   -0.74753
0.780965   -0.603714   2.66346
0.648783   -1.6745   0.546967
2.35892   0.712537   -0.100523
